<?xml version="1.0" encoding="UTF-8"?>
<!-- Generated by org.testng.reporters.JUnitReportReporter -->
<testsuite skipped="0" hostname="LAPTOP-D17UVMQM" name="ru.netology.AppTest" tests="1" failures="0" timestamp="2021-08-25T21:23:48 MSK" time="0.008" errors="0">
  <testcase name="shouldAnswerWithTrue" time="0.008" classname="ru.netology.AppTest"/>
  <system-out/>
</testsuite> <!-- ru.netology.AppTest -->
